-------------------------------------------------------------------------------
Test set: es.iespuertolacruz.daniel.DatosPersonalesControllerTest
-------------------------------------------------------------------------------
Tests run: 2, Failures: 1, Errors: 0, Skipped: 0, Time elapsed: 0.265 s <<< FAILURE! - in es.iespuertolacruz.daniel.DatosPersonalesControllerTest
buscarTest  Time elapsed: 0.018 s  <<< FAILURE!
org.opentest4j.AssertionFailedError: Error en datosPersonalesController BeforeEach
	at es.iespuertolacruz.daniel.DatosPersonalesControllerTest.setUp(DatosPersonalesControllerTest.java:35)

