-------------------------------------------------------------------------------
Test set: es.iespuertolacruz.daniel.VehiculoControllerTest
-------------------------------------------------------------------------------
Tests run: 3, Failures: 1, Errors: 0, Skipped: 0, Time elapsed: 0.117 s <<< FAILURE! - in es.iespuertolacruz.daniel.VehiculoControllerTest
insertarTest  Time elapsed: 0.029 s  <<< FAILURE!
org.opentest4j.AssertionFailedError: Ha ocurrido un error al insertar.
	at es.iespuertolacruz.daniel.VehiculoControllerTest.insertarTest(VehiculoControllerTest.java:81)

