GROUP,PACKAGE,CLASS,INSTRUCTION_MISSED,INSTRUCTION_COVERED,BRANCH_MISSED,BRANCH_COVERED,LINE_MISSED,LINE_COVERED,COMPLEXITY_MISSED,COMPLEXITY_COVERED,METHOD_MISSED,METHOD_COVERED
mvn-calculadora,es.iespuertolacruz.daniel.controlador,FrutaController,128,8,24,0,39,3,19,1,7,1
mvn-calculadora,es.iespuertolacruz.daniel.modelo,FrutaModelo,7,8,0,0,5,3,4,1,4,1
mvn-calculadora,es.iespuertolacruz.daniel.modelo,Fichero,119,3,10,0,38,1,10,1,5,1
mvn-calculadora,es.iespuertolacruz.daniel.api,Fruta,0,49,0,0,0,19,0,10,0,10
mvn-calculadora,es.iespuertolacruz.daniel.vista,AppFruteria,17,0,0,0,7,0,3,0,3,0
mvn-calculadora,es.iespuertolacruz.daniel.exception,FrutaException,9,0,0,0,4,0,2,0,2,0
mvn-calculadora,es.iespuertolacruz.daniel.exception,FicheroException,9,0,0,0,4,0,2,0,2,0
