GROUP,PACKAGE,CLASS,INSTRUCTION_MISSED,INSTRUCTION_COVERED,BRANCH_MISSED,BRANCH_COVERED,LINE_MISSED,LINE_COVERED,COMPLEXITY_MISSED,COMPLEXITY_COVERED,METHOD_MISSED,METHOD_COVERED
mvn-calculadora,es.iespuertolacruz.daniel.controlador,FrutaController,60,0,16,0,16,0,10,0,2,0
mvn-calculadora,es.iespuertolacruz.daniel.modelo,FrutaModelo,8,0,0,0,3,0,1,0,1,0
mvn-calculadora,es.iespuertolacruz.daniel.modelo,Fichero,127,0,10,0,41,0,11,0,6,0
mvn-calculadora,es.iespuertolacruz.daniel.api,Fruta,49,0,0,0,19,0,10,0,10,0
mvn-calculadora,es.iespuertolacruz.daniel.vista,AppFruteria,7,0,0,0,3,0,2,0,2,0
mvn-calculadora,es.iespuertolacruz.daniel.exception,FrutaException,9,0,0,0,4,0,2,0,2,0
mvn-calculadora,es.iespuertolacruz.daniel.exception,FicheroException,9,0,0,0,4,0,2,0,2,0
